<?xml version="1.0" encoding="UTF-8"?>
<!-- Generated by org.testng.reporters.JUnitXMLReporter -->
<testsuite ignored="0" hostname="LAPTOP-OV0PG4IN" failures="0" tests="6" name="Default test" time="18.915" errors="0" timestamp="2026-04-29T16:02:49 IST">
  <testcase classname="api.test.DDtest" name="testPostuser" time="7.93"/>
  <testcase classname="api.test.DDtest" name="testPostuser" time="1.694"/>
  <testcase classname="api.test.DDtest" name="testPostuser" time="1.582"/>
  <testcase classname="api.test.DDtest" name="testDeleteUserByName" time="1.781"/>
  <testcase classname="api.test.DDtest" name="testDeleteUserByName" time="1.594"/>
  <testcase classname="api.test.DDtest" name="testDeleteUserByName" time="1.599"/>
</testsuite> <!-- Default test -->
