<?xml version="1.0" encoding="UTF-8"?>
<!-- Generated by org.testng.reporters.JUnitXMLReporter -->
<testsuite ignored="0" hostname="LAPTOP-OV0PG4IN" failures="0" tests="6" name="PetTest" time="37.515" errors="0" timestamp="2026-05-14T20:14:52 IST">
  <testcase classname="api.test.DDtest" name="testPostuser" time="14.04"/>
  <testcase classname="api.test.DDtest" name="testPostuser" time="4.603"/>
  <testcase classname="api.test.DDtest" name="testPostuser" time="2.965"/>
  <testcase classname="api.test.DDtest" name="testDeleteUserByName" time="4.848"/>
  <testcase classname="api.test.DDtest" name="testDeleteUserByName" time="3.462"/>
  <testcase classname="api.test.DDtest" name="testDeleteUserByName" time="1.939"/>
</testsuite> <!-- PetTest -->
