<?xml version="1.0" encoding="UTF-8"?>
<!-- Generated by org.testng.reporters.JUnitReportReporter -->
<testsuite hostname="LAPTOP-OV0PG4IN" failures="0" tests="4" name="api.test.UserTest" time="13.328" errors="0" timestamp="2026-04-29T14:54:22 IST" skipped="0">
  <testcase classname="api.test.UserTest" name="testPostUser" time="5.448"/>
  <testcase classname="api.test.UserTest" name="testGetUserName" time="1.773"/>
  <testcase classname="api.test.UserTest" name="testUpdateUser" time="3.771"/>
  <testcase classname="api.test.UserTest" name="testDeleteUser" time="2.336"/>
</testsuite> <!-- api.test.UserTest -->
