<?xml version="1.0" encoding="UTF-8"?>
<!-- Generated by org.testng.reporters.JUnitXMLReporter -->
<testsuite ignored="0" hostname="LAPTOP-OV0PG4IN" failures="0" tests="6" name="PetTest" time="29.456" errors="0" timestamp="2026-05-14T20:00:27 IST">
  <testcase classname="api.test.DDtest" name="testPostuser" time="7.341"/>
  <testcase classname="api.test.DDtest" name="testPostuser" time="3.366"/>
  <testcase classname="api.test.DDtest" name="testPostuser" time="3.067"/>
  <testcase classname="api.test.DDtest" name="testDeleteUserByName" time="3.349"/>
  <testcase classname="api.test.DDtest" name="testDeleteUserByName" time="4.094"/>
  <testcase classname="api.test.DDtest" name="testDeleteUserByName" time="4.626"/>
</testsuite> <!-- PetTest -->
